<?xml version="1.0" encoding="UTF-8"?>
<testsuite xmlns:xsi="http://www.w3.org/2001/XMLSchema-instance" xsi:noNamespaceSchemaLocation="https://maven.apache.org/surefire/maven-surefire-plugin/xsd/surefire-test-report-3.0.xsd" version="3.0" name="ExploratorioTest" time="4.692" tests="1" errors="0" skipped="0" failures="0">
  <properties>
[...]
</properties>
  <testcase name="testFluxoCompletoReserva" classname="ExploratorioTest" time="4.621">
    <system-out><![CDATA[Chave de acesso gerada: 95415566675f321
HTTP/1.1 200 OK
Content-Length: 176
Content-Type: application/json; charset=utf-8
Date: Thu, 12 Mar 2026 13:21:49 GMT
Etag: W/"b0-j9i+Dhdr1im70qvX9i9azCG8XWU"
Nel: {"report_to":"heroku-nel","response_headers":["Via"],"max_age":3600,"success_fraction":0.01,"failure_fraction":0.1}
Report-To: {"group":"heroku-nel","endpoints":[{"url":"https://nel.heroku.com/reports?s=CKmFtGqV2EVbK09XLamMsjYIIvAttJ1dAiUIvtjd8No%3D\u0026sid=c46efe9b-d3d2-4a0c-8c76-bfafa16c5add\u0026ts=1773321709"}],"max_age":3600}
Reporting-Endpoints: heroku-nel="https://nel.heroku.com/reports?s=CKmFtGqV2EVbK09XLamMsjYIIvAttJ1dAiUIvtjd8No%3D&sid=c46efe9b-d3d2-4a0c-8c76-bfafa16c5add&ts=1773321709"
Server: Heroku
Via: 1.1 heroku-router
X-Powered-By: Express

{
    "firstname": "Iron",
    "lastname": "Man",
    "totalprice": 9000,
    "depositpaid": true,
    "bookingdates": {
        "checkin": "2026-03-10",
        "checkout": "2026-03-15"
    },
    "additionalneeds": "Upgrade de Reator"
}
Iniciando protocolo de limpeza para o ID: 643
HTTP/1.1 201 Created
Content-Length: 7
Content-Type: text/plain; charset=utf-8
Date: Thu, 12 Mar 2026 13:21:49 GMT
Etag: W/"7-rM9AyJuqT6iOan/xHh+AW+7K/T8"
Nel: {"report_to":"heroku-nel","response_headers":["Via"],"max_age":3600,"success_fraction":0.01,"failure_fraction":0.1}
Report-To: {"group":"heroku-nel","endpoints":[{"url":"https://nel.heroku.com/reports?s=CKmFtGqV2EVbK09XLamMsjYIIvAttJ1dAiUIvtjd8No%3D\u0026sid=c46efe9b-d3d2-4a0c-8c76-bfafa16c5add\u0026ts=1773321709"}],"max_age":3600}
Reporting-Endpoints: heroku-nel="https://nel.heroku.com/reports?s=CKmFtGqV2EVbK09XLamMsjYIIvAttJ1dAiUIvtjd8No%3D&sid=c46efe9b-d3d2-4a0c-8c76-bfafa16c5add&ts=1773321709"
Server: Heroku
Via: 1.1 heroku-router
X-Powered-By: Express

Created
]]></system-out>
    <system-err><![CDATA[SLF4J: Failed to load class "org.slf4j.impl.StaticLoggerBinder".
SLF4J: Defaulting to no-operation (NOP) logger implementation
SLF4J: See http://www.slf4j.org/codes.html#StaticLoggerBinder for further details.
]]></system-err>
  </testcase>
</testsuite>